<?xml version="1.0" encoding="UTF-8"?>
<!-- Generated by org.testng.reporters.JUnitReportReporter -->
<testsuite hostname="DESKTOP-SK6KN3T" failures="0" tests="1" name="test_classes.Login_Test" time="5.928" errors="0" timestamp="2023-12-22T11:38:27 IST" skipped="0">
  <testcase classname="test_classes.Login_Test" name="signIn" time="5.928"/>
  <system-out/>
</testsuite> <!-- test_classes.Login_Test -->
